<?xml version="1.0" encoding="UTF-8"?>
<!-- Generated by org.testng.reporters.JUnitReportReporter -->
<testsuite hostname="DESKTOP-1G3J74F" failures="0" tests="5" name="com.NykaaTestNG.Simple" time="6.327" errors="0" timestamp="2023-08-08T16:52:50 IST" skipped="1">
  <testcase classname="com.NykaaTestNG.Simple" name="cart" time="1.614"/>
  <testcase classname="com.NykaaTestNG.Simple" name="Himalaya_Babypowder" time="2.758"/>
  <testcase classname="com.NykaaTestNG.Simple" name="mom_baby" time="1.288"/>
  <testcase classname="com.NykaaTestNG.Simple" name="Baby_powder" time="0.667"/>
  <testcase classname="com.NykaaTestNG.Simple" name="sing_up">
    <skipped/>
  </testcase> <!-- sing_up -->
</testsuite> <!-- com.NykaaTestNG.Simple -->
